<?xml version="1.0" encoding="UTF-8"?>
<testsuite xmlns:xsi="http://www.w3.org/2001/XMLSchema-instance" xsi:noNamespaceSchemaLocation="https://maven.apache.org/surefire/maven-surefire-plugin/xsd/surefire-test-report.xsd" name="com.javatechie.ProductServiceApplicationTests" time="14.79" tests="2" errors="0" skipped="0" failures="1">
  <properties>
    <property name="awt.toolkit" value="sun.awt.X11.XToolkit"/>
    <property name="java.specification.version" value="11"/>
    <property name="sun.cpu.isalist" value=""/>
    <property name="sun.jnu.encoding" value="UTF-8"/>
    <property name="java.class.path" value="/workspace/springboot-best-practices/target/test-classes:/workspace/springboot-best-practices/target/classes:/workspace/m2-repository/org/springframework/boot/spring-boot-starter-data-jpa/2.7.5/spring-boot-starter-data-jpa-2.7.5.jar:/workspace/m2-repository/org/springframework/boot/spring-boot-starter-aop/2.7.5/spring-boot-starter-aop-2.7.5.jar:/workspace/m2-repository/org/springframework/spring-aop/5.3.23/spring-aop-5.3.23.jar:/workspace/m2-repository/org/aspectj/aspectjweaver/1.9.7/aspectjweaver-1.9.7.jar:/workspace/m2-repository/org/springframework/boot/spring-boot-starter-jdbc/2.7.5/spring-boot-starter-jdbc-2.7.5.jar:/workspace/m2-repository/com/zaxxer/HikariCP/4.0.3/HikariCP-4.0.3.jar:/workspace/m2-repository/org/springframework/spring-jdbc/5.3.23/spring-jdbc-5.3.23.jar:/workspace/m2-repository/jakarta/transaction/jakarta.transaction-api/1.3.3/jakarta.transaction-api-1.3.3.jar:/workspace/m2-repository/jakarta/persistence/jakarta.persistence-api/2.2.3/jakarta.persistence-api-2.2.3.jar:/workspace/m2-repository/org/hibernate/hibernate-core/5.6.12.Final/hibernate-core-5.6.12.Final.jar:/workspace/m2-repository/org/jboss/logging/jboss-logging/3.4.3.Final/jboss-logging-3.4.3.Final.jar:/workspace/m2-repository/net/bytebuddy/byte-buddy/1.12.18/byte-buddy-1.12.18.jar:/workspace/m2-repository/antlr/antlr/2.7.7/antlr-2.7.7.jar:/workspace/m2-repository/org/jboss/jandex/2.4.2.Final/jandex-2.4.2.Final.jar:/workspace/m2-repository/com/fasterxml/classmate/1.5.1/classmate-1.5.1.jar:/workspace/m2-repository/org/hibernate/common/hibernate-commons-annotations/5.1.2.Final/hibernate-commons-annotations-5.1.2.Final.jar:/workspace/m2-repository/org/glassfish/jaxb/jaxb-runtime/2.3.7/jaxb-runtime-2.3.7.jar:/workspace/m2-repository/org/glassfish/jaxb/txw2/2.3.7/txw2-2.3.7.jar:/workspace/m2-repository/com/sun/istack/istack-commons-runtime/3.0.12/istack-commons-runtime-3.0.12.jar:/workspace/m2-repository/org/springframework/data/spring-data-jpa/2.7.5/spring-data-jpa-2.7.5.jar:/workspace/m2-repository/org/springframework/data/spring-data-commons/2.7.5/spring-data-commons-2.7.5.jar:/workspace/m2-repository/org/springframework/spring-orm/5.3.23/spring-orm-5.3.23.jar:/workspace/m2-repository/org/springframework/spring-context/5.3.23/spring-context-5.3.23.jar:/workspace/m2-repository/org/springframework/spring-tx/5.3.23/spring-tx-5.3.23.jar:/workspace/m2-repository/org/springframework/spring-beans/5.3.23/spring-beans-5.3.23.jar:/workspace/m2-repository/org/slf4j/slf4j-api/1.7.36/slf4j-api-1.7.36.jar:/workspace/m2-repository/org/springframework/spring-aspects/5.3.23/spring-aspects-5.3.23.jar:/workspace/m2-repository/org/springframework/boot/spring-boot-starter-mail/2.7.5/spring-boot-starter-mail-2.7.5.jar:/workspace/m2-repository/org/springframework/boot/spring-boot-starter/2.7.5/spring-boot-starter-2.7.5.jar:/workspace/m2-repository/org/springframework/boot/spring-boot/2.7.5/spring-boot-2.7.5.jar:/workspace/m2-repository/org/springframework/boot/spring-boot-autoconfigure/2.7.5/spring-boot-autoconfigure-2.7.5.jar:/workspace/m2-repository/org/springframework/boot/spring-boot-starter-logging/2.7.5/spring-boot-starter-logging-2.7.5.jar:/workspace/m2-repository/ch/qos/logback/logback-classic/1.2.11/logback-classic-1.2.11.jar:/workspace/m2-repository/ch/qos/logback/logback-core/1.2.11/logback-core-1.2.11.jar:/workspace/m2-repository/org/apache/logging/log4j/log4j-to-slf4j/2.17.2/log4j-to-slf4j-2.17.2.jar:/workspace/m2-repository/org/apache/logging/log4j/log4j-api/2.17.2/log4j-api-2.17.2.jar:/workspace/m2-repository/org/slf4j/jul-to-slf4j/1.7.36/jul-to-slf4j-1.7.36.jar:/workspace/m2-repository/jakarta/annotation/jakarta.annotation-api/1.3.5/jakarta.annotation-api-1.3.5.jar:/workspace/m2-repository/org/yaml/snakeyaml/1.30/snakeyaml-1.30.jar:/workspace/m2-repository/org/springframework/spring-context-support/5.3.23/spring-context-support-5.3.23.jar:/workspace/m2-repository/com/sun/mail/jakarta.mail/1.6.7/jakarta.mail-1.6.7.jar:/workspace/m2-repository/com/sun/activation/jakarta.activation/1.2.2/jakarta.activation-1.2.2.jar:/workspace/m2-repository/org/springframework/boot/spring-boot-starter-web/2.7.5/spring-boot-starter-web-2.7.5.jar:/workspace/m2-repository/org/springframework/boot/spring-boot-starter-json/2.7.5/spring-boot-starter-json-2.7.5.jar:/workspace/m2-repository/com/fasterxml/jackson/core/jackson-databind/2.13.4.2/jackson-databind-2.13.4.2.jar:/workspace/m2-repository/com/fasterxml/jackson/core/jackson-annotations/2.13.4/jackson-annotations-2.13.4.jar:/workspace/m2-repository/com/fasterxml/jackson/core/jackson-core/2.13.4/jackson-core-2.13.4.jar:/workspace/m2-repository/com/fasterxml/jackson/datatype/jackson-datatype-jdk8/2.13.4/jackson-datatype-jdk8-2.13.4.jar:/workspace/m2-repository/com/fasterxml/jackson/datatype/jackson-datatype-jsr310/2.13.4/jackson-datatype-jsr310-2.13.4.jar:/workspace/m2-repository/com/fasterxml/jackson/module/jackson-module-parameter-names/2.13.4/jackson-module-parameter-names-2.13.4.jar:/workspace/m2-repository/org/springframework/boot/spring-boot-starter-tomcat/2.7.5/spring-boot-starter-tomcat-2.7.5.jar:/workspace/m2-repository/org/apache/tomcat/embed/tomcat-embed-core/9.0.68/tomcat-embed-core-9.0.68.jar:/workspace/m2-repository/org/apache/tomcat/embed/tomcat-embed-websocket/9.0.68/tomcat-embed-websocket-9.0.68.jar:/workspace/m2-repository/org/springframework/spring-web/5.3.23/spring-web-5.3.23.jar:/workspace/m2-repository/org/springframework/spring-webmvc/5.3.23/spring-webmvc-5.3.23.jar:/workspace/m2-repository/org/springframework/spring-expression/5.3.23/spring-expression-5.3.23.jar:/workspace/m2-repository/com/h2database/h2/2.1.214/h2-2.1.214.jar:/workspace/m2-repository/org/projectlombok/lombok/1.18.24/lombok-1.18.24.jar:/workspace/m2-repository/org/springframework/boot/spring-boot-starter-test/2.7.5/spring-boot-starter-test-2.7.5.jar:/workspace/m2-repository/org/springframework/boot/spring-boot-test/2.7.5/spring-boot-test-2.7.5.jar:/workspace/m2-repository/org/springframework/boot/spring-boot-test-autoconfigure/2.7.5/spring-boot-test-autoconfigure-2.7.5.jar:/workspace/m2-repository/com/jayway/jsonpath/json-path/2.7.0/json-path-2.7.0.jar:/workspace/m2-repository/net/minidev/json-smart/2.4.8/json-smart-2.4.8.jar:/workspace/m2-repository/net/minidev/accessors-smart/2.4.8/accessors-smart-2.4.8.jar:/workspace/m2-repository/org/ow2/asm/asm/9.1/asm-9.1.jar:/workspace/m2-repository/jakarta/xml/bind/jakarta.xml.bind-api/2.3.3/jakarta.xml.bind-api-2.3.3.jar:/workspace/m2-repository/jakarta/activation/jakarta.activation-api/1.2.2/jakarta.activation-api-1.2.2.jar:/workspace/m2-repository/org/assertj/assertj-core/3.22.0/assertj-core-3.22.0.jar:/workspace/m2-repository/org/hamcrest/hamcrest/2.2/hamcrest-2.2.jar:/workspace/m2-repository/org/junit/jupiter/junit-jupiter/5.8.2/junit-jupiter-5.8.2.jar:/workspace/m2-repository/org/junit/jupiter/junit-jupiter-api/5.8.2/junit-jupiter-api-5.8.2.jar:/workspace/m2-repository/org/opentest4j/opentest4j/1.2.0/opentest4j-1.2.0.jar:/workspace/m2-repository/org/junit/platform/junit-platform-commons/1.8.2/junit-platform-commons-1.8.2.jar:/workspace/m2-repository/org/apiguardian/apiguardian-api/1.1.2/apiguardian-api-1.1.2.jar:/workspace/m2-repository/org/junit/jupiter/junit-jupiter-params/5.8.2/junit-jupiter-params-5.8.2.jar:/workspace/m2-repository/org/junit/jupiter/junit-jupiter-engine/5.8.2/junit-jupiter-engine-5.8.2.jar:/workspace/m2-repository/org/junit/platform/junit-platform-engine/1.8.2/junit-platform-engine-1.8.2.jar:/workspace/m2-repository/org/mockito/mockito-core/4.5.1/mockito-core-4.5.1.jar:/workspace/m2-repository/net/bytebuddy/byte-buddy-agent/1.12.18/byte-buddy-agent-1.12.18.jar:/workspace/m2-repository/org/objenesis/objenesis/3.2/objenesis-3.2.jar:/workspace/m2-repository/org/mockito/mockito-junit-jupiter/4.5.1/mockito-junit-jupiter-4.5.1.jar:/workspace/m2-repository/org/skyscreamer/jsonassert/1.5.1/jsonassert-1.5.1.jar:/workspace/m2-repository/com/vaadin/external/google/android-json/0.0.20131108.vaadin1/android-json-0.0.20131108.vaadin1.jar:/workspace/m2-repository/org/springframework/spring-core/5.3.23/spring-core-5.3.23.jar:/workspace/m2-repository/org/springframework/spring-jcl/5.3.23/spring-jcl-5.3.23.jar:/workspace/m2-repository/org/springframework/spring-test/5.3.23/spring-test-5.3.23.jar:/workspace/m2-repository/org/xmlunit/xmlunit-core/2.9.0/xmlunit-core-2.9.0.jar:/workspace/m2-repository/org/springframework/boot/spring-boot-starter-validation/2.7.5/spring-boot-starter-validation-2.7.5.jar:/workspace/m2-repository/org/apache/tomcat/embed/tomcat-embed-el/9.0.68/tomcat-embed-el-9.0.68.jar:/workspace/m2-repository/org/hibernate/validator/hibernate-validator/6.2.5.Final/hibernate-validator-6.2.5.Final.jar:/workspace/m2-repository/jakarta/validation/jakarta.validation-api/2.0.2/jakarta.validation-api-2.0.2.jar:/workspace/m2-repository/com/github/ulisesbocchio/jasypt-spring-boot-starter/3.0.3/jasypt-spring-boot-starter-3.0.3.jar:/workspace/m2-repository/com/github/ulisesbocchio/jasypt-spring-boot/3.0.3/jasypt-spring-boot-3.0.3.jar:/workspace/m2-repository/org/jasypt/jasypt/1.9.3/jasypt-1.9.3.jar:/workspace/m2-repository/junit/junit/4.13.2/junit-4.13.2.jar:/workspace/m2-repository/org/hamcrest/hamcrest-core/2.2/hamcrest-core-2.2.jar:"/>
    <property name="java.vm.vendor" value="Azul Systems, Inc."/>
    <property name="sun.arch.data.model" value="64"/>
    <property name="java.vendor.url" value="http://www.azul.com/"/>
    <property name="user.timezone" value=""/>
    <property name="java.vm.specification.version" value="11"/>
    <property name="os.name" value="Linux"/>
    <property name="sun.java.launcher" value="SUN_STANDARD"/>
    <property name="user.country" value="US"/>
    <property name="sun.boot.library.path" value="/home/gitpod/.sdkman/candidates/java/11.0.17.fx-zulu/lib"/>
    <property name="sun.java.command" value="/workspace/springboot-best-practices/target/surefire/surefirebooter12477765860543583109.jar /workspace/springboot-best-practices/target/surefire 2022-11-19T08-30-42_912-jvmRun1 surefire6392062265974583640tmp surefire_014119470849619254959tmp"/>
    <property name="jdk.debug" value="release"/>
    <property name="surefire.test.class.path" value="/workspace/springboot-best-practices/target/test-classes:/workspace/springboot-best-practices/target/classes:/workspace/m2-repository/org/springframework/boot/spring-boot-starter-data-jpa/2.7.5/spring-boot-starter-data-jpa-2.7.5.jar:/workspace/m2-repository/org/springframework/boot/spring-boot-starter-aop/2.7.5/spring-boot-starter-aop-2.7.5.jar:/workspace/m2-repository/org/springframework/spring-aop/5.3.23/spring-aop-5.3.23.jar:/workspace/m2-repository/org/aspectj/aspectjweaver/1.9.7/aspectjweaver-1.9.7.jar:/workspace/m2-repository/org/springframework/boot/spring-boot-starter-jdbc/2.7.5/spring-boot-starter-jdbc-2.7.5.jar:/workspace/m2-repository/com/zaxxer/HikariCP/4.0.3/HikariCP-4.0.3.jar:/workspace/m2-repository/org/springframework/spring-jdbc/5.3.23/spring-jdbc-5.3.23.jar:/workspace/m2-repository/jakarta/transaction/jakarta.transaction-api/1.3.3/jakarta.transaction-api-1.3.3.jar:/workspace/m2-repository/jakarta/persistence/jakarta.persistence-api/2.2.3/jakarta.persistence-api-2.2.3.jar:/workspace/m2-repository/org/hibernate/hibernate-core/5.6.12.Final/hibernate-core-5.6.12.Final.jar:/workspace/m2-repository/org/jboss/logging/jboss-logging/3.4.3.Final/jboss-logging-3.4.3.Final.jar:/workspace/m2-repository/net/bytebuddy/byte-buddy/1.12.18/byte-buddy-1.12.18.jar:/workspace/m2-repository/antlr/antlr/2.7.7/antlr-2.7.7.jar:/workspace/m2-repository/org/jboss/jandex/2.4.2.Final/jandex-2.4.2.Final.jar:/workspace/m2-repository/com/fasterxml/classmate/1.5.1/classmate-1.5.1.jar:/workspace/m2-repository/org/hibernate/common/hibernate-commons-annotations/5.1.2.Final/hibernate-commons-annotations-5.1.2.Final.jar:/workspace/m2-repository/org/glassfish/jaxb/jaxb-runtime/2.3.7/jaxb-runtime-2.3.7.jar:/workspace/m2-repository/org/glassfish/jaxb/txw2/2.3.7/txw2-2.3.7.jar:/workspace/m2-repository/com/sun/istack/istack-commons-runtime/3.0.12/istack-commons-runtime-3.0.12.jar:/workspace/m2-repository/org/springframework/data/spring-data-jpa/2.7.5/spring-data-jpa-2.7.5.jar:/workspace/m2-repository/org/springframework/data/spring-data-commons/2.7.5/spring-data-commons-2.7.5.jar:/workspace/m2-repository/org/springframework/spring-orm/5.3.23/spring-orm-5.3.23.jar:/workspace/m2-repository/org/springframework/spring-context/5.3.23/spring-context-5.3.23.jar:/workspace/m2-repository/org/springframework/spring-tx/5.3.23/spring-tx-5.3.23.jar:/workspace/m2-repository/org/springframework/spring-beans/5.3.23/spring-beans-5.3.23.jar:/workspace/m2-repository/org/slf4j/slf4j-api/1.7.36/slf4j-api-1.7.36.jar:/workspace/m2-repository/org/springframework/spring-aspects/5.3.23/spring-aspects-5.3.23.jar:/workspace/m2-repository/org/springframework/boot/spring-boot-starter-mail/2.7.5/spring-boot-starter-mail-2.7.5.jar:/workspace/m2-repository/org/springframework/boot/spring-boot-starter/2.7.5/spring-boot-starter-2.7.5.jar:/workspace/m2-repository/org/springframework/boot/spring-boot/2.7.5/spring-boot-2.7.5.jar:/workspace/m2-repository/org/springframework/boot/spring-boot-autoconfigure/2.7.5/spring-boot-autoconfigure-2.7.5.jar:/workspace/m2-repository/org/springframework/boot/spring-boot-starter-logging/2.7.5/spring-boot-starter-logging-2.7.5.jar:/workspace/m2-repository/ch/qos/logback/logback-classic/1.2.11/logback-classic-1.2.11.jar:/workspace/m2-repository/ch/qos/logback/logback-core/1.2.11/logback-core-1.2.11.jar:/workspace/m2-repository/org/apache/logging/log4j/log4j-to-slf4j/2.17.2/log4j-to-slf4j-2.17.2.jar:/workspace/m2-repository/org/apache/logging/log4j/log4j-api/2.17.2/log4j-api-2.17.2.jar:/workspace/m2-repository/org/slf4j/jul-to-slf4j/1.7.36/jul-to-slf4j-1.7.36.jar:/workspace/m2-repository/jakarta/annotation/jakarta.annotation-api/1.3.5/jakarta.annotation-api-1.3.5.jar:/workspace/m2-repository/org/yaml/snakeyaml/1.30/snakeyaml-1.30.jar:/workspace/m2-repository/org/springframework/spring-context-support/5.3.23/spring-context-support-5.3.23.jar:/workspace/m2-repository/com/sun/mail/jakarta.mail/1.6.7/jakarta.mail-1.6.7.jar:/workspace/m2-repository/com/sun/activation/jakarta.activation/1.2.2/jakarta.activation-1.2.2.jar:/workspace/m2-repository/org/springframework/boot/spring-boot-starter-web/2.7.5/spring-boot-starter-web-2.7.5.jar:/workspace/m2-repository/org/springframework/boot/spring-boot-starter-json/2.7.5/spring-boot-starter-json-2.7.5.jar:/workspace/m2-repository/com/fasterxml/jackson/core/jackson-databind/2.13.4.2/jackson-databind-2.13.4.2.jar:/workspace/m2-repository/com/fasterxml/jackson/core/jackson-annotations/2.13.4/jackson-annotations-2.13.4.jar:/workspace/m2-repository/com/fasterxml/jackson/core/jackson-core/2.13.4/jackson-core-2.13.4.jar:/workspace/m2-repository/com/fasterxml/jackson/datatype/jackson-datatype-jdk8/2.13.4/jackson-datatype-jdk8-2.13.4.jar:/workspace/m2-repository/com/fasterxml/jackson/datatype/jackson-datatype-jsr310/2.13.4/jackson-datatype-jsr310-2.13.4.jar:/workspace/m2-repository/com/fasterxml/jackson/module/jackson-module-parameter-names/2.13.4/jackson-module-parameter-names-2.13.4.jar:/workspace/m2-repository/org/springframework/boot/spring-boot-starter-tomcat/2.7.5/spring-boot-starter-tomcat-2.7.5.jar:/workspace/m2-repository/org/apache/tomcat/embed/tomcat-embed-core/9.0.68/tomcat-embed-core-9.0.68.jar:/workspace/m2-repository/org/apache/tomcat/embed/tomcat-embed-websocket/9.0.68/tomcat-embed-websocket-9.0.68.jar:/workspace/m2-repository/org/springframework/spring-web/5.3.23/spring-web-5.3.23.jar:/workspace/m2-repository/org/springframework/spring-webmvc/5.3.23/spring-webmvc-5.3.23.jar:/workspace/m2-repository/org/springframework/spring-expression/5.3.23/spring-expression-5.3.23.jar:/workspace/m2-repository/com/h2database/h2/2.1.214/h2-2.1.214.jar:/workspace/m2-repository/org/projectlombok/lombok/1.18.24/lombok-1.18.24.jar:/workspace/m2-repository/org/springframework/boot/spring-boot-starter-test/2.7.5/spring-boot-starter-test-2.7.5.jar:/workspace/m2-repository/org/springframework/boot/spring-boot-test/2.7.5/spring-boot-test-2.7.5.jar:/workspace/m2-repository/org/springframework/boot/spring-boot-test-autoconfigure/2.7.5/spring-boot-test-autoconfigure-2.7.5.jar:/workspace/m2-repository/com/jayway/jsonpath/json-path/2.7.0/json-path-2.7.0.jar:/workspace/m2-repository/net/minidev/json-smart/2.4.8/json-smart-2.4.8.jar:/workspace/m2-repository/net/minidev/accessors-smart/2.4.8/accessors-smart-2.4.8.jar:/workspace/m2-repository/org/ow2/asm/asm/9.1/asm-9.1.jar:/workspace/m2-repository/jakarta/xml/bind/jakarta.xml.bind-api/2.3.3/jakarta.xml.bind-api-2.3.3.jar:/workspace/m2-repository/jakarta/activation/jakarta.activation-api/1.2.2/jakarta.activation-api-1.2.2.jar:/workspace/m2-repository/org/assertj/assertj-core/3.22.0/assertj-core-3.22.0.jar:/workspace/m2-repository/org/hamcrest/hamcrest/2.2/hamcrest-2.2.jar:/workspace/m2-repository/org/junit/jupiter/junit-jupiter/5.8.2/junit-jupiter-5.8.2.jar:/workspace/m2-repository/org/junit/jupiter/junit-jupiter-api/5.8.2/junit-jupiter-api-5.8.2.jar:/workspace/m2-repository/org/opentest4j/opentest4j/1.2.0/opentest4j-1.2.0.jar:/workspace/m2-repository/org/junit/platform/junit-platform-commons/1.8.2/junit-platform-commons-1.8.2.jar:/workspace/m2-repository/org/apiguardian/apiguardian-api/1.1.2/apiguardian-api-1.1.2.jar:/workspace/m2-repository/org/junit/jupiter/junit-jupiter-params/5.8.2/junit-jupiter-params-5.8.2.jar:/workspace/m2-repository/org/junit/jupiter/junit-jupiter-engine/5.8.2/junit-jupiter-engine-5.8.2.jar:/workspace/m2-repository/org/junit/platform/junit-platform-engine/1.8.2/junit-platform-engine-1.8.2.jar:/workspace/m2-repository/org/mockito/mockito-core/4.5.1/mockito-core-4.5.1.jar:/workspace/m2-repository/net/bytebuddy/byte-buddy-agent/1.12.18/byte-buddy-agent-1.12.18.jar:/workspace/m2-repository/org/objenesis/objenesis/3.2/objenesis-3.2.jar:/workspace/m2-repository/org/mockito/mockito-junit-jupiter/4.5.1/mockito-junit-jupiter-4.5.1.jar:/workspace/m2-repository/org/skyscreamer/jsonassert/1.5.1/jsonassert-1.5.1.jar:/workspace/m2-repository/com/vaadin/external/google/android-json/0.0.20131108.vaadin1/android-json-0.0.20131108.vaadin1.jar:/workspace/m2-repository/org/springframework/spring-core/5.3.23/spring-core-5.3.23.jar:/workspace/m2-repository/org/springframework/spring-jcl/5.3.23/spring-jcl-5.3.23.jar:/workspace/m2-repository/org/springframework/spring-test/5.3.23/spring-test-5.3.23.jar:/workspace/m2-repository/org/xmlunit/xmlunit-core/2.9.0/xmlunit-core-2.9.0.jar:/workspace/m2-repository/org/springframework/boot/spring-boot-starter-validation/2.7.5/spring-boot-starter-validation-2.7.5.jar:/workspace/m2-repository/org/apache/tomcat/embed/tomcat-embed-el/9.0.68/tomcat-embed-el-9.0.68.jar:/workspace/m2-repository/org/hibernate/validator/hibernate-validator/6.2.5.Final/hibernate-validator-6.2.5.Final.jar:/workspace/m2-repository/jakarta/validation/jakarta.validation-api/2.0.2/jakarta.validation-api-2.0.2.jar:/workspace/m2-repository/com/github/ulisesbocchio/jasypt-spring-boot-starter/3.0.3/jasypt-spring-boot-starter-3.0.3.jar:/workspace/m2-repository/com/github/ulisesbocchio/jasypt-spring-boot/3.0.3/jasypt-spring-boot-3.0.3.jar:/workspace/m2-repository/org/jasypt/jasypt/1.9.3/jasypt-1.9.3.jar:/workspace/m2-repository/junit/junit/4.13.2/junit-4.13.2.jar:/workspace/m2-repository/org/hamcrest/hamcrest-core/2.2/hamcrest-core-2.2.jar:"/>
    <property name="sun.cpu.endian" value="little"/>
    <property name="user.home" value="/home/gitpod"/>
    <property name="user.language" value="en"/>
    <property name="java.specification.vendor" value="Oracle Corporation"/>
    <property name="java.version.date" value="2022-10-18"/>
    <property name="java.home" value="/home/gitpod/.sdkman/candidates/java/11.0.17.fx-zulu"/>
    <property name="file.separator" value="/"/>
    <property name="basedir" value="/workspace/springboot-best-practices"/>
    <property name="java.vm.compressedOopsMode" value="Zero based"/>
    <property name="line.separator" value="&#10;"/>
    <property name="java.specification.name" value="Java Platform API Specification"/>
    <property name="java.vm.specification.vendor" value="Oracle Corporation"/>
    <property name="jdk.vendor.version" value="Zulu11.60+19-CA"/>
    <property name="java.awt.graphicsenv" value="sun.awt.X11GraphicsEnvironment"/>
    <property name="surefire.real.class.path" value="/workspace/springboot-best-practices/target/surefire/surefirebooter12477765860543583109.jar"/>
    <property name="sun.management.compiler" value="HotSpot 64-Bit Tiered Compilers"/>
    <property name="java.runtime.version" value="11.0.17+8-LTS"/>
    <property name="user.name" value="gitpod"/>
    <property name="path.separator" value=":"/>
    <property name="os.version" value="5.15.0-47-generic"/>
    <property name="java.runtime.name" value="OpenJDK Runtime Environment"/>
    <property name="file.encoding" value="UTF-8"/>
    <property name="java.vm.name" value="OpenJDK 64-Bit Server VM"/>
    <property name="skipTests" value="false"/>
    <property name="java.vendor.version" value="Zulu11.60+19-CA"/>
    <property name="localRepository" value="/workspace/m2-repository"/>
    <property name="java.vendor.url.bug" value="http://www.azul.com/support/"/>
    <property name="java.io.tmpdir" value="/tmp"/>
    <property name="java.version" value="11.0.17"/>
    <property name="user.dir" value="/workspace/springboot-best-practices"/>
    <property name="os.arch" value="amd64"/>
    <property name="java.vm.specification.name" value="Java Virtual Machine Specification"/>
    <property name="java.awt.printerjob" value="sun.print.PSPrinterJob"/>
    <property name="sun.os.patch.level" value="unknown"/>
    <property name="java.library.path" value="/usr/java/packages/lib:/usr/lib64:/lib64:/lib:/usr/lib"/>
    <property name="java.vm.info" value="mixed mode"/>
    <property name="java.vendor" value="Azul Systems, Inc."/>
    <property name="java.vm.version" value="11.0.17+8-LTS"/>
    <property name="sun.io.unicode.encoding" value="UnicodeLittle"/>
    <property name="java.class.version" value="55.0"/>
  </properties>
  <testcase name="shouldReturnAllProductsFromDB" classname="com.javatechie.ProductServiceApplicationTests" time="0.508"/>
  <testcase name="createNewProductTest" classname="com.javatechie.ProductServiceApplicationTests" time="5.216">
    <failure message="Status expected:&lt;201&gt; but was:&lt;200&gt;" type="java.lang.AssertionError"><![CDATA[java.lang.AssertionError: Status expected:<201> but was:<200>
	at com.javatechie.ProductServiceApplicationTests.createNewProductTest(ProductServiceApplicationTests.java:64)
]]></failure>
    <system-out><![CDATA[2022-11-19 08:30:54.601  INFO 1103 --- [           main] com.javatechie.aspect.LoggerAspect       : execution(ResponseEntity com.javatechie.controller.ProductController.createNewProduct(ProductRequestDTO)) method execution start
2022-11-19 08:30:59.604  INFO 1103 --- [           main] c.j.controller.ProductController         : ProductController::createNewProduct request body {"name":"demo","description":"desc","productType":"type","quantity":1,"price":1000.0,"supplierName":"SUP","supplierCode":"SUP01"}
2022-11-19 08:30:59.604  INFO 1103 --- [           main] com.javatechie.service.ProductService    : ProductService:createNewProduct execution started.
2022-11-19 08:30:59.608  INFO 1103 --- [           main] com.javatechie.service.ProductService    : ProductService:createNewProduct execution ended.
2022-11-19 08:30:59.609  INFO 1103 --- [           main] c.j.controller.ProductController         : ProductController::createNewProduct response {"status":"Success","results":{"id":1,"name":"demo","desc":"desc","productType":"type","quantity":1,"price":1000.0,"supplierName":"SUP","supplierCode":"SUP01"}}
2022-11-19 08:30:59.610  INFO 1103 --- [           main] com.javatechie.aspect.LoggerAspect       : Time took to execute the method : 5007
2022-11-19 08:30:59.610  INFO 1103 --- [           main] com.javatechie.aspect.LoggerAspect       : ResponseEntity com.javatechie.controller.ProductController.createNewProduct(ProductRequestDTO) method execution end

MockHttpServletRequest:
      HTTP Method = POST
      Request URI = /products
       Parameters = {}
          Headers = [Content-Type:"application/json;charset=UTF-8", Accept:"application/json", Content-Length:"136"]
             Body = {"id":1,"name":"demo","description":"desc","productType":"type","quantity":1,"price":1000.0,"supplierName":"SUP","supplierCode":"SUP01"}
    Session Attrs = {}

Handler:
             Type = com.javatechie.controller.ProductController
           Method = com.javatechie.controller.ProductController#createNewProduct(ProductRequestDTO)

Async:
    Async started = false
     Async result = null

Resolved Exception:
             Type = null

ModelAndView:
        View name = null
             View = null
            Model = null

FlashMap:
       Attributes = null

MockHttpServletResponse:
           Status = 200
    Error message = null
          Headers = []
     Content type = null
             Body = 
    Forwarded URL = null
   Redirected URL = null
          Cookies = []
]]></system-out>
  </testcase>
</testsuite>